<?xml version="1.0" encoding="UTF-8"?>
<!-- Generated by org.testng.reporters.JUnitXMLReporter -->
<testsuite hostname="DESKTOP-A3RR3TC" ignored="0" name="actitime" tests="1" failures="1" timestamp="2021-06-26T09:22:47 IST" time="0.032" errors="0">
  <testcase name="launchBrowser" time="0.0" classname="DataParameterization.DataParameter">
    <failure type="org.testng.TestNGException" message="
Parameter &amp;apos;username&amp;apos; is required by @Test on method launchBrowser but has not been marked @Optional or defined
in C:\Users\Amrutesh\Desktop\eclipse\automation\testng-parameter.xml">
      <![CDATA[org.testng.TestNGException: 
Parameter 'username' is required by @Test on method launchBrowser but has not been marked @Optional or defined
in C:\Users\Amrutesh\Desktop\eclipse\automation\testng-parameter.xml
at java.util.ArrayList.forEach(Unknown Source)
... Removed 26 stack frames]]>
    </failure>
  </testcase> <!-- launchBrowser -->
</testsuite> <!-- actitime -->
